{"/Volumes/Dev2/Estudo/Bootcamp/Nivel 3/appgobarber/src/components/Button/index.tsx": {"path":"/Volumes/Dev2/Estudo/Bootcamp/Nivel 3/appgobarber/src/components/Button/index.tsx","statementMap":{"0":{"start":{"line":9,"column":38},"end":{"line":13,"column":1}},"1":{"start":{"line":10,"column":4},"end":{"line":12,"column":16}}},"fnMap":{"0":{"name":"(anonymous_0)","decl":{"start":{"line":9,"column":38},"end":{"line":9,"column":39}},"loc":{"start":{"line":10,"column":4},"end":{"line":12,"column":16}},"line":10}},"branchMap":{},"s":{"0":1,"1":1},"f":{"0":1},"b":{},"_coverageSchema":"43e27e138ebf9cfc5966b082cf9a028302ed4184","hash":"5aadc1b523c80096009456cc218b2cd67081e58e"}
,"/Volumes/Dev2/Estudo/Bootcamp/Nivel 3/appgobarber/src/components/Input/index.tsx": {"path":"/Volumes/Dev2/Estudo/Bootcamp/Nivel 3/appgobarber/src/components/Input/index.tsx","statementMap":{"0":{"start":{"line":28,"column":66},"end":{"line":99,"column":1}},"1":{"start":{"line":32,"column":28},"end":{"line":32,"column":45}},"2":{"start":{"line":34,"column":67},"end":{"line":36,"column":5}},"3":{"start":{"line":37,"column":26},"end":{"line":37,"column":78}},"4":{"start":{"line":39,"column":38},"end":{"line":39,"column":53}},"5":{"start":{"line":40,"column":36},"end":{"line":40,"column":51}},"6":{"start":{"line":42,"column":29},"end":{"line":44,"column":10}},"7":{"start":{"line":43,"column":8},"end":{"line":43,"column":27}},"8":{"start":{"line":46,"column":28},"end":{"line":50,"column":10}},"9":{"start":{"line":47,"column":8},"end":{"line":47,"column":28}},"10":{"start":{"line":49,"column":8},"end":{"line":49,"column":51}},"11":{"start":{"line":52,"column":4},"end":{"line":56,"column":8}},"12":{"start":{"line":52,"column":36},"end":{"line":56,"column":5}},"13":{"start":{"line":54,"column":12},"end":{"line":54,"column":44}},"14":{"start":{"line":58,"column":4},"end":{"line":72,"column":35}},"15":{"start":{"line":59,"column":8},"end":{"line":71,"column":11}},"16":{"start":{"line":64,"column":16},"end":{"line":64,"column":52}},"17":{"start":{"line":65,"column":16},"end":{"line":65,"column":72}},"18":{"start":{"line":68,"column":16},"end":{"line":68,"column":49}},"19":{"start":{"line":69,"column":16},"end":{"line":69,"column":48}},"20":{"start":{"line":74,"column":4},"end":{"line":98,"column":6}},"21":{"start":{"line":93,"column":20},"end":{"line":93,"column":56}}},"fnMap":{"0":{"name":"(anonymous_0)","decl":{"start":{"line":28,"column":66},"end":{"line":28,"column":67}},"loc":{"start":{"line":31,"column":5},"end":{"line":99,"column":1}},"line":31},"1":{"name":"(anonymous_1)","decl":{"start":{"line":42,"column":41},"end":{"line":42,"column":42}},"loc":{"start":{"line":42,"column":47},"end":{"line":44,"column":5}},"line":42},"2":{"name":"(anonymous_2)","decl":{"start":{"line":46,"column":40},"end":{"line":46,"column":41}},"loc":{"start":{"line":46,"column":46},"end":{"line":50,"column":5}},"line":46},"3":{"name":"(anonymous_3)","decl":{"start":{"line":52,"column":29},"end":{"line":52,"column":30}},"loc":{"start":{"line":52,"column":36},"end":{"line":56,"column":5}},"line":52},"4":{"name":"(anonymous_4)","decl":{"start":{"line":53,"column":8},"end":{"line":53,"column":9}},"loc":{"start":{"line":53,"column":16},"end":{"line":55,"column":9}},"line":53},"5":{"name":"(anonymous_5)","decl":{"start":{"line":58,"column":14},"end":{"line":58,"column":15}},"loc":{"start":{"line":58,"column":20},"end":{"line":72,"column":5}},"line":58},"6":{"name":"(anonymous_6)","decl":{"start":{"line":63,"column":12},"end":{"line":63,"column":13}},"loc":{"start":{"line":63,"column":46},"end":{"line":66,"column":13}},"line":63},"7":{"name":"(anonymous_7)","decl":{"start":{"line":67,"column":12},"end":{"line":67,"column":13}},"loc":{"start":{"line":67,"column":25},"end":{"line":70,"column":13}},"line":67},"8":{"name":"(anonymous_8)","decl":{"start":{"line":92,"column":30},"end":{"line":92,"column":31}},"loc":{"start":{"line":92,"column":41},"end":{"line":94,"column":17}},"line":92}},"branchMap":{"0":{"loc":{"start":{"line":29,"column":18},"end":{"line":29,"column":37}},"type":"default-arg","locations":[{"start":{"line":29,"column":35},"end":{"line":29,"column":37}}],"line":29},"1":{"loc":{"start":{"line":34,"column":27},"end":{"line":34,"column":44}},"type":"default-arg","locations":[{"start":{"line":34,"column":42},"end":{"line":34,"column":44}}],"line":34},"2":{"loc":{"start":{"line":83,"column":23},"end":{"line":83,"column":68}},"type":"cond-expr","locations":[{"start":{"line":83,"column":47},"end":{"line":83,"column":56}},{"start":{"line":83,"column":59},"end":{"line":83,"column":68}}],"line":83},"3":{"loc":{"start":{"line":83,"column":23},"end":{"line":83,"column":44}},"type":"binary-expr","locations":[{"start":{"line":83,"column":23},"end":{"line":83,"column":32}},{"start":{"line":83,"column":36},"end":{"line":83,"column":44}}],"line":83}},"s":{"0":1,"1":2,"2":2,"3":2,"4":2,"5":2,"6":2,"7":0,"8":2,"9":0,"10":0,"11":2,"12":1,"13":0,"14":2,"15":2,"16":0,"17":0,"18":0,"19":0,"20":2,"21":0},"f":{"0":2,"1":0,"2":0,"3":1,"4":0,"5":2,"6":0,"7":0,"8":0},"b":{"0":[2],"1":[2],"2":[0,2],"3":[2,2]},"_coverageSchema":"43e27e138ebf9cfc5966b082cf9a028302ed4184","hash":"c12dcfc4563f2eadcf8f788ca673506c5fcb5b47"}
,"/Volumes/Dev2/Estudo/Bootcamp/Nivel 3/appgobarber/src/hooks/auth.tsx": {"path":"/Volumes/Dev2/Estudo/Bootcamp/Nivel 3/appgobarber/src/hooks/auth.tsx","statementMap":{"0":{"start":{"line":36,"column":20},"end":{"line":36,"column":73}},"1":{"start":{"line":38,"column":38},"end":{"line":104,"column":1}},"2":{"start":{"line":39,"column":28},"end":{"line":39,"column":64}},"3":{"start":{"line":40,"column":34},"end":{"line":40,"column":48}},"4":{"start":{"line":42,"column":4},"end":{"line":59,"column":11}},"5":{"start":{"line":44,"column":34},"end":{"line":47,"column":14}},"6":{"start":{"line":49,"column":12},"end":{"line":53,"column":13}},"7":{"start":{"line":50,"column":16},"end":{"line":50,"column":74}},"8":{"start":{"line":52,"column":16},"end":{"line":52,"column":72}},"9":{"start":{"line":55,"column":12},"end":{"line":55,"column":30}},"10":{"start":{"line":58,"column":8},"end":{"line":58,"column":27}},"11":{"start":{"line":61,"column":19},"end":{"line":77,"column":10}},"12":{"start":{"line":62,"column":25},"end":{"line":65,"column":10}},"13":{"start":{"line":67,"column":32},"end":{"line":67,"column":45}},"14":{"start":{"line":69,"column":8},"end":{"line":72,"column":11}},"15":{"start":{"line":74,"column":8},"end":{"line":74,"column":63}},"16":{"start":{"line":76,"column":8},"end":{"line":76,"column":33}},"17":{"start":{"line":79,"column":20},"end":{"line":83,"column":10}},"18":{"start":{"line":80,"column":8},"end":{"line":80,"column":78}},"19":{"start":{"line":82,"column":8},"end":{"line":82,"column":33}},"20":{"start":{"line":85,"column":23},"end":{"line":95,"column":5}},"21":{"start":{"line":87,"column":12},"end":{"line":87,"column":79}},"22":{"start":{"line":89,"column":12},"end":{"line":92,"column":15}},"23":{"start":{"line":97,"column":4},"end":{"line":103,"column":6}},"24":{"start":{"line":107,"column":20},"end":{"line":107,"column":43}},"25":{"start":{"line":109,"column":4},"end":{"line":111,"column":5}},"26":{"start":{"line":110,"column":8},"end":{"line":110,"column":71}},"27":{"start":{"line":113,"column":4},"end":{"line":113,"column":19}}},"fnMap":{"0":{"name":"(anonymous_0)","decl":{"start":{"line":38,"column":38},"end":{"line":38,"column":39}},"loc":{"start":{"line":38,"column":56},"end":{"line":104,"column":1}},"line":38},"1":{"name":"(anonymous_1)","decl":{"start":{"line":42,"column":14},"end":{"line":42,"column":15}},"loc":{"start":{"line":42,"column":20},"end":{"line":59,"column":5}},"line":42},"2":{"name":"loadStoragedData","decl":{"start":{"line":43,"column":23},"end":{"line":43,"column":39}},"loc":{"start":{"line":43,"column":57},"end":{"line":56,"column":9}},"line":43},"3":{"name":"(anonymous_3)","decl":{"start":{"line":61,"column":31},"end":{"line":61,"column":32}},"loc":{"start":{"line":61,"column":62},"end":{"line":77,"column":5}},"line":61},"4":{"name":"(anonymous_4)","decl":{"start":{"line":79,"column":32},"end":{"line":79,"column":33}},"loc":{"start":{"line":79,"column":44},"end":{"line":83,"column":5}},"line":79},"5":{"name":"(anonymous_5)","decl":{"start":{"line":86,"column":8},"end":{"line":86,"column":9}},"loc":{"start":{"line":86,"column":30},"end":{"line":93,"column":9}},"line":86},"6":{"name":"useAuth","decl":{"start":{"line":106,"column":16},"end":{"line":106,"column":23}},"loc":{"start":{"line":106,"column":43},"end":{"line":114,"column":1}},"line":106}},"branchMap":{"0":{"loc":{"start":{"line":49,"column":12},"end":{"line":53,"column":13}},"type":"if","locations":[{"start":{"line":49,"column":12},"end":{"line":53,"column":13}},{"start":{"line":49,"column":12},"end":{"line":53,"column":13}}],"line":49},"1":{"loc":{"start":{"line":49,"column":16},"end":{"line":49,"column":35}},"type":"binary-expr","locations":[{"start":{"line":49,"column":16},"end":{"line":49,"column":24}},{"start":{"line":49,"column":28},"end":{"line":49,"column":35}}],"line":49},"2":{"loc":{"start":{"line":109,"column":4},"end":{"line":111,"column":5}},"type":"if","locations":[{"start":{"line":109,"column":4},"end":{"line":111,"column":5}},{"start":{"line":109,"column":4},"end":{"line":111,"column":5}}],"line":109}},"s":{"0":1,"1":1,"2":0,"3":0,"4":0,"5":0,"6":0,"7":0,"8":0,"9":0,"10":0,"11":0,"12":0,"13":0,"14":0,"15":0,"16":0,"17":0,"18":0,"19":0,"20":0,"21":0,"22":0,"23":0,"24":1,"25":1,"26":0,"27":1},"f":{"0":0,"1":0,"2":0,"3":0,"4":0,"5":0,"6":1},"b":{"0":[0,0],"1":[0,0],"2":[0,1]},"_coverageSchema":"43e27e138ebf9cfc5966b082cf9a028302ed4184","hash":"1d95236c986ec79c31c785f45afe96fd5f339bd7"}
,"/Volumes/Dev2/Estudo/Bootcamp/Nivel 3/appgobarber/src/pages/AppointmentCreated/index.tsx": {"path":"/Volumes/Dev2/Estudo/Bootcamp/Nivel 3/appgobarber/src/pages/AppointmentCreated/index.tsx","statementMap":{"0":{"start":{"line":22,"column":37},"end":{"line":62,"column":1}},"1":{"start":{"line":23,"column":22},"end":{"line":23,"column":37}},"2":{"start":{"line":24,"column":23},"end":{"line":24,"column":33}},"3":{"start":{"line":26,"column":24},"end":{"line":26,"column":45}},"4":{"start":{"line":28,"column":28},"end":{"line":33,"column":15}},"5":{"start":{"line":29,"column":8},"end":{"line":32,"column":11}},"6":{"start":{"line":35,"column":26},"end":{"line":41,"column":26}},"7":{"start":{"line":36,"column":8},"end":{"line":40,"column":10}},"8":{"start":{"line":43,"column":26},"end":{"line":45,"column":31}},"9":{"start":{"line":44,"column":8},"end":{"line":44,"column":58}},"10":{"start":{"line":47,"column":4},"end":{"line":61,"column":6}}},"fnMap":{"0":{"name":"(anonymous_0)","decl":{"start":{"line":22,"column":37},"end":{"line":22,"column":38}},"loc":{"start":{"line":22,"column":43},"end":{"line":62,"column":1}},"line":22},"1":{"name":"(anonymous_1)","decl":{"start":{"line":28,"column":40},"end":{"line":28,"column":41}},"loc":{"start":{"line":28,"column":46},"end":{"line":33,"column":5}},"line":28},"2":{"name":"(anonymous_2)","decl":{"start":{"line":35,"column":34},"end":{"line":35,"column":35}},"loc":{"start":{"line":35,"column":40},"end":{"line":41,"column":5}},"line":35},"3":{"name":"(anonymous_3)","decl":{"start":{"line":43,"column":34},"end":{"line":43,"column":35}},"loc":{"start":{"line":43,"column":40},"end":{"line":45,"column":5}},"line":43}},"branchMap":{},"s":{"0":0,"1":0,"2":0,"3":0,"4":0,"5":0,"6":0,"7":0,"8":0,"9":0,"10":0},"f":{"0":0,"1":0,"2":0,"3":0},"b":{},"hash":"3d993bbdf5b7ddb7c704964412bdb0e62ca291c1"}
,"/Volumes/Dev2/Estudo/Bootcamp/Nivel 3/appgobarber/src/pages/CreateAppointment/index.tsx": {"path":"/Volumes/Dev2/Estudo/Bootcamp/Nivel 3/appgobarber/src/pages/CreateAppointment/index.tsx","statementMap":{"0":{"start":{"line":53,"column":36},"end":{"line":276,"column":1}},"1":{"start":{"line":54,"column":21},"end":{"line":54,"column":30}},"2":{"start":{"line":55,"column":18},"end":{"line":55,"column":28}},"3":{"start":{"line":56,"column":33},"end":{"line":56,"column":48}},"4":{"start":{"line":58,"column":24},"end":{"line":58,"column":51}},"5":{"start":{"line":60,"column":44},"end":{"line":60,"column":76}},"6":{"start":{"line":61,"column":48},"end":{"line":61,"column":63}},"7":{"start":{"line":62,"column":44},"end":{"line":62,"column":64}},"8":{"start":{"line":63,"column":44},"end":{"line":63,"column":55}},"9":{"start":{"line":64,"column":38},"end":{"line":64,"column":62}},"10":{"start":{"line":65,"column":52},"end":{"line":67,"column":5}},"11":{"start":{"line":69,"column":4},"end":{"line":73,"column":11}},"12":{"start":{"line":70,"column":8},"end":{"line":72,"column":11}},"13":{"start":{"line":71,"column":12},"end":{"line":71,"column":40}},"14":{"start":{"line":75,"column":4},"end":{"line":85,"column":41}},"15":{"start":{"line":76,"column":8},"end":{"line":84,"column":11}},"16":{"start":{"line":83,"column":12},"end":{"line":83,"column":43}},"17":{"start":{"line":87,"column":25},"end":{"line":89,"column":16}},"18":{"start":{"line":88,"column":8},"end":{"line":88,"column":17}},"19":{"start":{"line":91,"column":33},"end":{"line":93,"column":10}},"20":{"start":{"line":92,"column":8},"end":{"line":92,"column":40}},"21":{"start":{"line":95,"column":35},"end":{"line":97,"column":10}},"22":{"start":{"line":96,"column":8},"end":{"line":96,"column":45}},"23":{"start":{"line":96,"column":37},"end":{"line":96,"column":43}},"24":{"start":{"line":99,"column":30},"end":{"line":110,"column":5}},"25":{"start":{"line":101,"column":12},"end":{"line":103,"column":13}},"26":{"start":{"line":102,"column":16},"end":{"line":102,"column":41}},"27":{"start":{"line":105,"column":12},"end":{"line":107,"column":13}},"28":{"start":{"line":106,"column":16},"end":{"line":106,"column":38}},"29":{"start":{"line":112,"column":36},"end":{"line":132,"column":64}},"30":{"start":{"line":113,"column":8},"end":{"line":131,"column":9}},"31":{"start":{"line":114,"column":25},"end":{"line":114,"column":47}},"32":{"start":{"line":115,"column":12},"end":{"line":115,"column":40}},"33":{"start":{"line":116,"column":12},"end":{"line":116,"column":31}},"34":{"start":{"line":117,"column":12},"end":{"line":120,"column":15}},"35":{"start":{"line":122,"column":12},"end":{"line":125,"column":15}},"36":{"start":{"line":127,"column":12},"end":{"line":130,"column":14}},"37":{"start":{"line":134,"column":32},"end":{"line":144,"column":22}},"38":{"start":{"line":135,"column":8},"end":{"line":143,"column":15}},"39":{"start":{"line":136,"column":34},"end":{"line":136,"column":43}},"40":{"start":{"line":138,"column":16},"end":{"line":142,"column":18}},"41":{"start":{"line":146,"column":34},"end":{"line":156,"column":22}},"42":{"start":{"line":147,"column":8},"end":{"line":155,"column":15}},"43":{"start":{"line":148,"column":34},"end":{"line":148,"column":44}},"44":{"start":{"line":150,"column":16},"end":{"line":154,"column":18}},"45":{"start":{"line":158,"column":29},"end":{"line":160,"column":10}},"46":{"start":{"line":159,"column":8},"end":{"line":159,"column":30}},"47":{"start":{"line":162,"column":4},"end":{"line":275,"column":6}},"48":{"start":{"line":180,"column":52},"end":{"line":180,"column":63}},"49":{"start":{"line":182,"column":28},"end":{"line":196,"column":48}},"50":{"start":{"line":184,"column":36},"end":{"line":184,"column":69}},"51":{"start":{"line":230,"column":32},"end":{"line":240,"column":39}},"52":{"start":{"line":235,"column":51},"end":{"line":235,"column":73}},"53":{"start":{"line":250,"column":36},"end":{"line":262,"column":43}},"54":{"start":{"line":255,"column":55},"end":{"line":255,"column":77}}},"fnMap":{"0":{"name":"(anonymous_0)","decl":{"start":{"line":53,"column":36},"end":{"line":53,"column":37}},"loc":{"start":{"line":53,"column":42},"end":{"line":276,"column":1}},"line":53},"1":{"name":"(anonymous_1)","decl":{"start":{"line":69,"column":14},"end":{"line":69,"column":15}},"loc":{"start":{"line":69,"column":20},"end":{"line":73,"column":5}},"line":69},"2":{"name":"(anonymous_2)","decl":{"start":{"line":70,"column":34},"end":{"line":70,"column":35}},"loc":{"start":{"line":70,"column":48},"end":{"line":72,"column":9}},"line":70},"3":{"name":"(anonymous_3)","decl":{"start":{"line":75,"column":14},"end":{"line":75,"column":15}},"loc":{"start":{"line":75,"column":20},"end":{"line":85,"column":5}},"line":75},"4":{"name":"(anonymous_4)","decl":{"start":{"line":82,"column":16},"end":{"line":82,"column":17}},"loc":{"start":{"line":82,"column":30},"end":{"line":84,"column":9}},"line":82},"5":{"name":"(anonymous_5)","decl":{"start":{"line":87,"column":37},"end":{"line":87,"column":38}},"loc":{"start":{"line":87,"column":43},"end":{"line":89,"column":5}},"line":87},"6":{"name":"(anonymous_6)","decl":{"start":{"line":91,"column":45},"end":{"line":91,"column":46}},"loc":{"start":{"line":91,"column":69},"end":{"line":93,"column":5}},"line":91},"7":{"name":"(anonymous_7)","decl":{"start":{"line":95,"column":47},"end":{"line":95,"column":48}},"loc":{"start":{"line":95,"column":53},"end":{"line":97,"column":5}},"line":95},"8":{"name":"(anonymous_8)","decl":{"start":{"line":96,"column":26},"end":{"line":96,"column":27}},"loc":{"start":{"line":96,"column":37},"end":{"line":96,"column":43}},"line":96},"9":{"name":"(anonymous_9)","decl":{"start":{"line":100,"column":8},"end":{"line":100,"column":9}},"loc":{"start":{"line":100,"column":48},"end":{"line":108,"column":9}},"line":100},"10":{"name":"(anonymous_10)","decl":{"start":{"line":112,"column":48},"end":{"line":112,"column":49}},"loc":{"start":{"line":112,"column":60},"end":{"line":132,"column":5}},"line":112},"11":{"name":"(anonymous_11)","decl":{"start":{"line":134,"column":40},"end":{"line":134,"column":41}},"loc":{"start":{"line":134,"column":46},"end":{"line":144,"column":5}},"line":134},"12":{"name":"(anonymous_12)","decl":{"start":{"line":136,"column":20},"end":{"line":136,"column":21}},"loc":{"start":{"line":136,"column":34},"end":{"line":136,"column":43}},"line":136},"13":{"name":"(anonymous_13)","decl":{"start":{"line":137,"column":17},"end":{"line":137,"column":18}},"loc":{"start":{"line":137,"column":42},"end":{"line":143,"column":13}},"line":137},"14":{"name":"(anonymous_14)","decl":{"start":{"line":146,"column":42},"end":{"line":146,"column":43}},"loc":{"start":{"line":146,"column":48},"end":{"line":156,"column":5}},"line":146},"15":{"name":"(anonymous_15)","decl":{"start":{"line":148,"column":20},"end":{"line":148,"column":21}},"loc":{"start":{"line":148,"column":34},"end":{"line":148,"column":44}},"line":148},"16":{"name":"(anonymous_16)","decl":{"start":{"line":149,"column":17},"end":{"line":149,"column":18}},"loc":{"start":{"line":149,"column":42},"end":{"line":155,"column":13}},"line":149},"17":{"name":"(anonymous_17)","decl":{"start":{"line":158,"column":41},"end":{"line":158,"column":42}},"loc":{"start":{"line":158,"column":59},"end":{"line":160,"column":5}},"line":158},"18":{"name":"(anonymous_18)","decl":{"start":{"line":180,"column":38},"end":{"line":180,"column":39}},"loc":{"start":{"line":180,"column":52},"end":{"line":180,"column":63}},"line":180},"19":{"name":"(anonymous_19)","decl":{"start":{"line":181,"column":36},"end":{"line":181,"column":37}},"loc":{"start":{"line":182,"column":28},"end":{"line":196,"column":48}},"line":182},"20":{"name":"(anonymous_20)","decl":{"start":{"line":183,"column":41},"end":{"line":183,"column":42}},"loc":{"start":{"line":184,"column":36},"end":{"line":184,"column":69}},"line":184},"21":{"name":"(anonymous_21)","decl":{"start":{"line":229,"column":28},"end":{"line":229,"column":29}},"loc":{"start":{"line":230,"column":32},"end":{"line":240,"column":39}},"line":230},"22":{"name":"(anonymous_22)","decl":{"start":{"line":235,"column":45},"end":{"line":235,"column":46}},"loc":{"start":{"line":235,"column":51},"end":{"line":235,"column":73}},"line":235},"23":{"name":"(anonymous_23)","decl":{"start":{"line":249,"column":32},"end":{"line":249,"column":33}},"loc":{"start":{"line":250,"column":36},"end":{"line":262,"column":43}},"line":250},"24":{"name":"(anonymous_24)","decl":{"start":{"line":255,"column":49},"end":{"line":255,"column":50}},"loc":{"start":{"line":255,"column":55},"end":{"line":255,"column":77}},"line":255}},"branchMap":{"0":{"loc":{"start":{"line":101,"column":12},"end":{"line":103,"column":13}},"type":"if","locations":[{"start":{"line":101,"column":12},"end":{"line":103,"column":13}},{"start":{"line":101,"column":12},"end":{"line":103,"column":13}}],"line":101},"1":{"loc":{"start":{"line":105,"column":12},"end":{"line":107,"column":13}},"type":"if","locations":[{"start":{"line":105,"column":12},"end":{"line":107,"column":13}},{"start":{"line":105,"column":12},"end":{"line":107,"column":13}}],"line":105},"2":{"loc":{"start":{"line":210,"column":21},"end":{"line":218,"column":21}},"type":"binary-expr","locations":[{"start":{"line":210,"column":21},"end":{"line":210,"column":35}},{"start":{"line":211,"column":24},"end":{"line":217,"column":26}}],"line":210}},"s":{"0":0,"1":0,"2":0,"3":0,"4":0,"5":0,"6":0,"7":0,"8":0,"9":0,"10":0,"11":0,"12":0,"13":0,"14":0,"15":0,"16":0,"17":0,"18":0,"19":0,"20":0,"21":0,"22":0,"23":0,"24":0,"25":0,"26":0,"27":0,"28":0,"29":0,"30":0,"31":0,"32":0,"33":0,"34":0,"35":0,"36":0,"37":0,"38":0,"39":0,"40":0,"41":0,"42":0,"43":0,"44":0,"45":0,"46":0,"47":0,"48":0,"49":0,"50":0,"51":0,"52":0,"53":0,"54":0},"f":{"0":0,"1":0,"2":0,"3":0,"4":0,"5":0,"6":0,"7":0,"8":0,"9":0,"10":0,"11":0,"12":0,"13":0,"14":0,"15":0,"16":0,"17":0,"18":0,"19":0,"20":0,"21":0,"22":0,"23":0,"24":0},"b":{"0":[0,0],"1":[0,0],"2":[0,0]},"hash":"5d6016511f52f5c95cbdbd6f9991881819bdf116"}
,"/Volumes/Dev2/Estudo/Bootcamp/Nivel 3/appgobarber/src/pages/Dashboard/index.tsx": {"path":"/Volumes/Dev2/Estudo/Bootcamp/Nivel 3/appgobarber/src/pages/Dashboard/index.tsx","statementMap":{"0":{"start":{"line":32,"column":28},"end":{"line":105,"column":1}},"1":{"start":{"line":33,"column":38},"end":{"line":33,"column":62}},"2":{"start":{"line":35,"column":30},"end":{"line":35,"column":39}},"3":{"start":{"line":36,"column":25},"end":{"line":36,"column":40}},"4":{"start":{"line":38,"column":4},"end":{"line":42,"column":11}},"5":{"start":{"line":39,"column":8},"end":{"line":41,"column":11}},"6":{"start":{"line":40,"column":12},"end":{"line":40,"column":40}},"7":{"start":{"line":44,"column":30},"end":{"line":47,"column":18}},"8":{"start":{"line":45,"column":8},"end":{"line":45,"column":18}},"9":{"start":{"line":49,"column":40},"end":{"line":54,"column":5}},"10":{"start":{"line":51,"column":12},"end":{"line":51,"column":58}},"11":{"start":{"line":56,"column":4},"end":{"line":104,"column":6}},"12":{"start":{"line":71,"column":44},"end":{"line":71,"column":55}},"13":{"start":{"line":76,"column":20},"end":{"line":100,"column":40}},"14":{"start":{"line":77,"column":39},"end":{"line":77,"column":79}}},"fnMap":{"0":{"name":"(anonymous_0)","decl":{"start":{"line":32,"column":28},"end":{"line":32,"column":29}},"loc":{"start":{"line":32,"column":34},"end":{"line":105,"column":1}},"line":32},"1":{"name":"(anonymous_1)","decl":{"start":{"line":38,"column":14},"end":{"line":38,"column":15}},"loc":{"start":{"line":38,"column":20},"end":{"line":42,"column":5}},"line":38},"2":{"name":"(anonymous_2)","decl":{"start":{"line":39,"column":34},"end":{"line":39,"column":35}},"loc":{"start":{"line":39,"column":48},"end":{"line":41,"column":9}},"line":39},"3":{"name":"(anonymous_3)","decl":{"start":{"line":44,"column":42},"end":{"line":44,"column":43}},"loc":{"start":{"line":44,"column":48},"end":{"line":47,"column":5}},"line":44},"4":{"name":"(anonymous_4)","decl":{"start":{"line":50,"column":8},"end":{"line":50,"column":9}},"loc":{"start":{"line":50,"column":32},"end":{"line":52,"column":9}},"line":50},"5":{"name":"(anonymous_5)","decl":{"start":{"line":71,"column":30},"end":{"line":71,"column":31}},"loc":{"start":{"line":71,"column":44},"end":{"line":71,"column":55}},"line":71},"6":{"name":"(anonymous_6)","decl":{"start":{"line":75,"column":28},"end":{"line":75,"column":29}},"loc":{"start":{"line":76,"column":20},"end":{"line":100,"column":40}},"line":76},"7":{"name":"(anonymous_7)","decl":{"start":{"line":77,"column":33},"end":{"line":77,"column":34}},"loc":{"start":{"line":77,"column":39},"end":{"line":77,"column":79}},"line":77}},"branchMap":{},"s":{"0":0,"1":0,"2":0,"3":0,"4":0,"5":0,"6":0,"7":0,"8":0,"9":0,"10":0,"11":0,"12":0,"13":0,"14":0},"f":{"0":0,"1":0,"2":0,"3":0,"4":0,"5":0,"6":0,"7":0},"b":{},"hash":"1faf3869186cc506b8878e4b5bd217bfd4b5f29a"}
,"/Volumes/Dev2/Estudo/Bootcamp/Nivel 3/appgobarber/src/pages/Profile/index.tsx": {"path":"/Volumes/Dev2/Estudo/Bootcamp/Nivel 3/appgobarber/src/pages/Profile/index.tsx","statementMap":{"0":{"start":{"line":41,"column":25},"end":{"line":270,"column":1}},"1":{"start":{"line":42,"column":33},"end":{"line":42,"column":42}},"2":{"start":{"line":43,"column":23},"end":{"line":43,"column":38}},"3":{"start":{"line":45,"column":20},"end":{"line":45,"column":45}},"4":{"start":{"line":46,"column":26},"end":{"line":46,"column":49}},"5":{"start":{"line":47,"column":32},"end":{"line":47,"column":55}},"6":{"start":{"line":48,"column":29},"end":{"line":48,"column":52}},"7":{"start":{"line":49,"column":36},"end":{"line":49,"column":59}},"8":{"start":{"line":51,"column":25},"end":{"line":125,"column":5}},"9":{"start":{"line":53,"column":12},"end":{"line":122,"column":13}},"10":{"start":{"line":54,"column":16},"end":{"line":54,"column":47}},"11":{"start":{"line":55,"column":31},"end":{"line":76,"column":18}},"12":{"start":{"line":62,"column":37},"end":{"line":62,"column":49}},"13":{"start":{"line":68,"column":41},"end":{"line":68,"column":53}},"14":{"start":{"line":78,"column":16},"end":{"line":80,"column":19}},"15":{"start":{"line":88,"column":20},"end":{"line":88,"column":24}},"16":{"start":{"line":90,"column":33},"end":{"line":100,"column":17}},"17":{"start":{"line":102,"column":33},"end":{"line":102,"column":67}},"18":{"start":{"line":104,"column":16},"end":{"line":104,"column":42}},"19":{"start":{"line":106,"column":16},"end":{"line":106,"column":62}},"20":{"start":{"line":108,"column":16},"end":{"line":108,"column":36}},"21":{"start":{"line":110,"column":16},"end":{"line":116,"column":17}},"22":{"start":{"line":111,"column":35},"end":{"line":111,"column":59}},"23":{"start":{"line":113,"column":20},"end":{"line":113,"column":55}},"24":{"start":{"line":115,"column":20},"end":{"line":115,"column":27}},"25":{"start":{"line":118,"column":16},"end":{"line":121,"column":18}},"26":{"start":{"line":127,"column":31},"end":{"line":158,"column":29}},"27":{"start":{"line":128,"column":8},"end":{"line":157,"column":10}},"28":{"start":{"line":136,"column":16},"end":{"line":138,"column":17}},"29":{"start":{"line":137,"column":20},"end":{"line":137,"column":27}},"30":{"start":{"line":140,"column":16},"end":{"line":143,"column":17}},"31":{"start":{"line":141,"column":20},"end":{"line":141,"column":64}},"32":{"start":{"line":142,"column":20},"end":{"line":142,"column":27}},"33":{"start":{"line":145,"column":29},"end":{"line":145,"column":43}},"34":{"start":{"line":147,"column":16},"end":{"line":151,"column":19}},"35":{"start":{"line":153,"column":16},"end":{"line":155,"column":19}},"36":{"start":{"line":154,"column":20},"end":{"line":154,"column":49}},"37":{"start":{"line":160,"column":25},"end":{"line":162,"column":20}},"38":{"start":{"line":161,"column":8},"end":{"line":161,"column":28}},"39":{"start":{"line":164,"column":4},"end":{"line":269,"column":6}},"40":{"start":{"line":201,"column":36},"end":{"line":201,"column":67}},"41":{"start":{"line":214,"column":36},"end":{"line":214,"column":73}},"42":{"start":{"line":227,"column":36},"end":{"line":227,"column":70}},"43":{"start":{"line":240,"column":36},"end":{"line":240,"column":77}},"44":{"start":{"line":253,"column":36},"end":{"line":253,"column":66}},"45":{"start":{"line":259,"column":36},"end":{"line":259,"column":66}}},"fnMap":{"0":{"name":"(anonymous_0)","decl":{"start":{"line":41,"column":25},"end":{"line":41,"column":26}},"loc":{"start":{"line":41,"column":31},"end":{"line":270,"column":1}},"line":41},"1":{"name":"(anonymous_1)","decl":{"start":{"line":52,"column":8},"end":{"line":52,"column":9}},"loc":{"start":{"line":52,"column":41},"end":{"line":123,"column":9}},"line":52},"2":{"name":"(anonymous_2)","decl":{"start":{"line":62,"column":28},"end":{"line":62,"column":29}},"loc":{"start":{"line":62,"column":37},"end":{"line":62,"column":49}},"line":62},"3":{"name":"(anonymous_3)","decl":{"start":{"line":68,"column":32},"end":{"line":68,"column":33}},"loc":{"start":{"line":68,"column":41},"end":{"line":68,"column":53}},"line":68},"4":{"name":"(anonymous_4)","decl":{"start":{"line":127,"column":43},"end":{"line":127,"column":44}},"loc":{"start":{"line":127,"column":49},"end":{"line":158,"column":5}},"line":127},"5":{"name":"(anonymous_5)","decl":{"start":{"line":135,"column":12},"end":{"line":135,"column":13}},"loc":{"start":{"line":135,"column":26},"end":{"line":156,"column":13}},"line":135},"6":{"name":"(anonymous_6)","decl":{"start":{"line":153,"column":53},"end":{"line":153,"column":54}},"loc":{"start":{"line":153,"column":70},"end":{"line":155,"column":17}},"line":153},"7":{"name":"(anonymous_7)","decl":{"start":{"line":160,"column":37},"end":{"line":160,"column":38}},"loc":{"start":{"line":160,"column":43},"end":{"line":162,"column":5}},"line":160},"8":{"name":"(anonymous_8)","decl":{"start":{"line":200,"column":49},"end":{"line":200,"column":50}},"loc":{"start":{"line":200,"column":55},"end":{"line":202,"column":33}},"line":200},"9":{"name":"(anonymous_9)","decl":{"start":{"line":213,"column":49},"end":{"line":213,"column":50}},"loc":{"start":{"line":213,"column":55},"end":{"line":215,"column":33}},"line":213},"10":{"name":"(anonymous_10)","decl":{"start":{"line":226,"column":49},"end":{"line":226,"column":50}},"loc":{"start":{"line":226,"column":55},"end":{"line":228,"column":33}},"line":226},"11":{"name":"(anonymous_11)","decl":{"start":{"line":239,"column":49},"end":{"line":239,"column":50}},"loc":{"start":{"line":239,"column":55},"end":{"line":241,"column":33}},"line":239},"12":{"name":"(anonymous_12)","decl":{"start":{"line":252,"column":49},"end":{"line":252,"column":50}},"loc":{"start":{"line":252,"column":55},"end":{"line":254,"column":33}},"line":252},"13":{"name":"(anonymous_13)","decl":{"start":{"line":258,"column":41},"end":{"line":258,"column":42}},"loc":{"start":{"line":258,"column":47},"end":{"line":260,"column":33}},"line":258}},"branchMap":{"0":{"loc":{"start":{"line":93,"column":24},"end":{"line":99,"column":28}},"type":"cond-expr","locations":[{"start":{"line":94,"column":26},"end":{"line":98,"column":27}},{"start":{"line":99,"column":26},"end":{"line":99,"column":28}}],"line":93},"1":{"loc":{"start":{"line":110,"column":16},"end":{"line":116,"column":17}},"type":"if","locations":[{"start":{"line":110,"column":16},"end":{"line":116,"column":17}},{"start":{"line":110,"column":16},"end":{"line":116,"column":17}}],"line":110},"2":{"loc":{"start":{"line":136,"column":16},"end":{"line":138,"column":17}},"type":"if","locations":[{"start":{"line":136,"column":16},"end":{"line":138,"column":17}},{"start":{"line":136,"column":16},"end":{"line":138,"column":17}}],"line":136},"3":{"loc":{"start":{"line":140,"column":16},"end":{"line":143,"column":17}},"type":"if","locations":[{"start":{"line":140,"column":16},"end":{"line":143,"column":17}},{"start":{"line":140,"column":16},"end":{"line":143,"column":17}}],"line":140},"4":{"loc":{"start":{"line":168,"column":26},"end":{"line":168,"column":71}},"type":"cond-expr","locations":[{"start":{"line":168,"column":50},"end":{"line":168,"column":59}},{"start":{"line":168,"column":62},"end":{"line":168,"column":71}}],"line":168}},"s":{"0":0,"1":0,"2":0,"3":0,"4":0,"5":0,"6":0,"7":0,"8":0,"9":0,"10":0,"11":0,"12":0,"13":0,"14":0,"15":0,"16":0,"17":0,"18":0,"19":0,"20":0,"21":0,"22":0,"23":0,"24":0,"25":0,"26":0,"27":0,"28":0,"29":0,"30":0,"31":0,"32":0,"33":0,"34":0,"35":0,"36":0,"37":0,"38":0,"39":0,"40":0,"41":0,"42":0,"43":0,"44":0,"45":0},"f":{"0":0,"1":0,"2":0,"3":0,"4":0,"5":0,"6":0,"7":0,"8":0,"9":0,"10":0,"11":0,"12":0,"13":0},"b":{"0":[0,0],"1":[0,0],"2":[0,0],"3":[0,0],"4":[0,0]},"hash":"13b900cbde95479f914205b07a6e120ef7f01c25"}
,"/Volumes/Dev2/Estudo/Bootcamp/Nivel 3/appgobarber/src/pages/SignIn/index.tsx": {"path":"/Volumes/Dev2/Estudo/Bootcamp/Nivel 3/appgobarber/src/pages/SignIn/index.tsx","statementMap":{"0":{"start":{"line":41,"column":25},"end":{"line":155,"column":1}},"1":{"start":{"line":42,"column":20},"end":{"line":42,"column":45}},"2":{"start":{"line":43,"column":29},"end":{"line":43,"column":52}},"3":{"start":{"line":44,"column":23},"end":{"line":44,"column":38}},"4":{"start":{"line":46,"column":23},"end":{"line":46,"column":32}},"5":{"start":{"line":48,"column":25},"end":{"line":83,"column":5}},"6":{"start":{"line":50,"column":12},"end":{"line":80,"column":13}},"7":{"start":{"line":51,"column":16},"end":{"line":51,"column":47}},"8":{"start":{"line":52,"column":31},"end":{"line":57,"column":18}},"9":{"start":{"line":59,"column":16},"end":{"line":61,"column":19}},"10":{"start":{"line":63,"column":16},"end":{"line":66,"column":19}},"11":{"start":{"line":68,"column":16},"end":{"line":74,"column":17}},"12":{"start":{"line":69,"column":35},"end":{"line":69,"column":59}},"13":{"start":{"line":71,"column":20},"end":{"line":71,"column":55}},"14":{"start":{"line":73,"column":20},"end":{"line":73,"column":27}},"15":{"start":{"line":76,"column":16},"end":{"line":79,"column":18}},"16":{"start":{"line":85,"column":4},"end":{"line":154,"column":6}},"17":{"start":{"line":112,"column":36},"end":{"line":112,"column":70}},"18":{"start":{"line":123,"column":36},"end":{"line":123,"column":66}},"19":{"start":{"line":129,"column":36},"end":{"line":129,"column":66}},"20":{"start":{"line":137,"column":32},"end":{"line":137,"column":51}},"21":{"start":{"line":147,"column":48},"end":{"line":147,"column":77}}},"fnMap":{"0":{"name":"(anonymous_0)","decl":{"start":{"line":41,"column":25},"end":{"line":41,"column":26}},"loc":{"start":{"line":41,"column":31},"end":{"line":155,"column":1}},"line":41},"1":{"name":"(anonymous_1)","decl":{"start":{"line":49,"column":8},"end":{"line":49,"column":9}},"loc":{"start":{"line":49,"column":40},"end":{"line":81,"column":9}},"line":49},"2":{"name":"(anonymous_2)","decl":{"start":{"line":111,"column":49},"end":{"line":111,"column":50}},"loc":{"start":{"line":111,"column":55},"end":{"line":113,"column":33}},"line":111},"3":{"name":"(anonymous_3)","decl":{"start":{"line":122,"column":49},"end":{"line":122,"column":50}},"loc":{"start":{"line":122,"column":55},"end":{"line":124,"column":33}},"line":122},"4":{"name":"(anonymous_4)","decl":{"start":{"line":128,"column":41},"end":{"line":128,"column":42}},"loc":{"start":{"line":128,"column":47},"end":{"line":130,"column":33}},"line":128},"5":{"name":"(anonymous_5)","decl":{"start":{"line":136,"column":37},"end":{"line":136,"column":38}},"loc":{"start":{"line":136,"column":43},"end":{"line":138,"column":29}},"line":136},"6":{"name":"(anonymous_6)","decl":{"start":{"line":147,"column":42},"end":{"line":147,"column":43}},"loc":{"start":{"line":147,"column":48},"end":{"line":147,"column":77}},"line":147}},"branchMap":{"0":{"loc":{"start":{"line":68,"column":16},"end":{"line":74,"column":17}},"type":"if","locations":[{"start":{"line":68,"column":16},"end":{"line":74,"column":17}},{"start":{"line":68,"column":16},"end":{"line":74,"column":17}}],"line":68},"1":{"loc":{"start":{"line":89,"column":26},"end":{"line":89,"column":71}},"type":"cond-expr","locations":[{"start":{"line":89,"column":50},"end":{"line":89,"column":59}},{"start":{"line":89,"column":62},"end":{"line":89,"column":71}}],"line":89}},"s":{"0":1,"1":1,"2":1,"3":1,"4":1,"5":1,"6":0,"7":0,"8":0,"9":0,"10":0,"11":0,"12":0,"13":0,"14":0,"15":0,"16":1,"17":0,"18":0,"19":0,"20":0,"21":0},"f":{"0":1,"1":0,"2":0,"3":0,"4":0,"5":0,"6":0},"b":{"0":[0,0],"1":[1,0]},"_coverageSchema":"43e27e138ebf9cfc5966b082cf9a028302ed4184","hash":"3e1dde98a47180d536472c31ff5ce568bdd753a2"}
,"/Volumes/Dev2/Estudo/Bootcamp/Nivel 3/appgobarber/src/pages/SignUp/index.tsx": {"path":"/Volumes/Dev2/Estudo/Bootcamp/Nivel 3/appgobarber/src/pages/SignUp/index.tsx","statementMap":{"0":{"start":{"line":33,"column":25},"end":{"line":149,"column":1}},"1":{"start":{"line":34,"column":20},"end":{"line":34,"column":45}},"2":{"start":{"line":35,"column":26},"end":{"line":35,"column":49}},"3":{"start":{"line":36,"column":29},"end":{"line":36,"column":52}},"4":{"start":{"line":37,"column":23},"end":{"line":37,"column":38}},"5":{"start":{"line":39,"column":25},"end":{"line":77,"column":5}},"6":{"start":{"line":41,"column":12},"end":{"line":74,"column":13}},"7":{"start":{"line":42,"column":16},"end":{"line":42,"column":47}},"8":{"start":{"line":43,"column":31},"end":{"line":49,"column":18}},"9":{"start":{"line":51,"column":16},"end":{"line":53,"column":19}},"10":{"start":{"line":55,"column":16},"end":{"line":55,"column":46}},"11":{"start":{"line":56,"column":16},"end":{"line":59,"column":18}},"12":{"start":{"line":60,"column":16},"end":{"line":60,"column":36}},"13":{"start":{"line":62,"column":16},"end":{"line":68,"column":17}},"14":{"start":{"line":63,"column":35},"end":{"line":63,"column":59}},"15":{"start":{"line":65,"column":20},"end":{"line":65,"column":55}},"16":{"start":{"line":67,"column":20},"end":{"line":67,"column":27}},"17":{"start":{"line":70,"column":16},"end":{"line":73,"column":18}},"18":{"start":{"line":79,"column":4},"end":{"line":148,"column":6}},"19":{"start":{"line":103,"column":36},"end":{"line":103,"column":67}},"20":{"start":{"line":116,"column":36},"end":{"line":116,"column":70}},"21":{"start":{"line":128,"column":36},"end":{"line":128,"column":66}},"22":{"start":{"line":134,"column":36},"end":{"line":134,"column":66}},"23":{"start":{"line":143,"column":41},"end":{"line":143,"column":60}}},"fnMap":{"0":{"name":"(anonymous_0)","decl":{"start":{"line":33,"column":25},"end":{"line":33,"column":26}},"loc":{"start":{"line":33,"column":31},"end":{"line":149,"column":1}},"line":33},"1":{"name":"(anonymous_1)","decl":{"start":{"line":40,"column":8},"end":{"line":40,"column":9}},"loc":{"start":{"line":40,"column":40},"end":{"line":75,"column":9}},"line":40},"2":{"name":"(anonymous_2)","decl":{"start":{"line":102,"column":49},"end":{"line":102,"column":50}},"loc":{"start":{"line":102,"column":55},"end":{"line":104,"column":33}},"line":102},"3":{"name":"(anonymous_3)","decl":{"start":{"line":115,"column":49},"end":{"line":115,"column":50}},"loc":{"start":{"line":115,"column":55},"end":{"line":117,"column":33}},"line":115},"4":{"name":"(anonymous_4)","decl":{"start":{"line":127,"column":49},"end":{"line":127,"column":50}},"loc":{"start":{"line":127,"column":55},"end":{"line":129,"column":33}},"line":127},"5":{"name":"(anonymous_5)","decl":{"start":{"line":133,"column":41},"end":{"line":133,"column":42}},"loc":{"start":{"line":133,"column":47},"end":{"line":135,"column":33}},"line":133},"6":{"name":"(anonymous_6)","decl":{"start":{"line":143,"column":35},"end":{"line":143,"column":36}},"loc":{"start":{"line":143,"column":41},"end":{"line":143,"column":60}},"line":143}},"branchMap":{"0":{"loc":{"start":{"line":62,"column":16},"end":{"line":68,"column":17}},"type":"if","locations":[{"start":{"line":62,"column":16},"end":{"line":68,"column":17}},{"start":{"line":62,"column":16},"end":{"line":68,"column":17}}],"line":62},"1":{"loc":{"start":{"line":83,"column":26},"end":{"line":83,"column":71}},"type":"cond-expr","locations":[{"start":{"line":83,"column":50},"end":{"line":83,"column":59}},{"start":{"line":83,"column":62},"end":{"line":83,"column":71}}],"line":83}},"s":{"0":0,"1":0,"2":0,"3":0,"4":0,"5":0,"6":0,"7":0,"8":0,"9":0,"10":0,"11":0,"12":0,"13":0,"14":0,"15":0,"16":0,"17":0,"18":0,"19":0,"20":0,"21":0,"22":0,"23":0},"f":{"0":0,"1":0,"2":0,"3":0,"4":0,"5":0,"6":0},"b":{"0":[0,0],"1":[0,0]},"hash":"b7ce30429ef57018ffcf7f435edfde73bbaa6587"}
}
