TN:
SF:/Volumes/Dev2/Estudo/Bootcamp/Nivel 3/appgobarber/src/components/Button/index.tsx
FN:9,(anonymous_0)
FNF:1
FNH:1
FNDA:1,(anonymous_0)
DA:9,1
DA:10,1
LF:2
LH:2
BRF:0
BRH:0
end_of_record
TN:
SF:/Volumes/Dev2/Estudo/Bootcamp/Nivel 3/appgobarber/src/components/Input/index.tsx
FN:28,(anonymous_0)
FN:42,(anonymous_1)
FN:46,(anonymous_2)
FN:52,(anonymous_3)
FN:53,(anonymous_4)
FN:58,(anonymous_5)
FN:63,(anonymous_6)
FN:67,(anonymous_7)
FN:92,(anonymous_8)
FNF:9
FNH:3
FNDA:2,(anonymous_0)
FNDA:0,(anonymous_1)
FNDA:0,(anonymous_2)
FNDA:1,(anonymous_3)
FNDA:0,(anonymous_4)
FNDA:2,(anonymous_5)
FNDA:0,(anonymous_6)
FNDA:0,(anonymous_7)
FNDA:0,(anonymous_8)
DA:28,1
DA:32,2
DA:34,2
DA:37,2
DA:39,2
DA:40,2
DA:42,2
DA:43,0
DA:46,2
DA:47,0
DA:49,0
DA:52,2
DA:54,0
DA:58,2
DA:59,2
DA:64,0
DA:65,0
DA:68,0
DA:69,0
DA:74,2
DA:93,0
LF:21
LH:12
BRDA:29,0,0,2
BRDA:34,1,0,2
BRDA:83,2,0,0
BRDA:83,2,1,2
BRDA:83,3,0,2
BRDA:83,3,1,2
BRF:6
BRH:5
end_of_record
TN:
SF:/Volumes/Dev2/Estudo/Bootcamp/Nivel 3/appgobarber/src/hooks/auth.tsx
FN:38,(anonymous_0)
FN:42,(anonymous_1)
FN:43,loadStoragedData
FN:61,(anonymous_3)
FN:79,(anonymous_4)
FN:86,(anonymous_5)
FN:106,useAuth
FNF:7
FNH:1
FNDA:0,(anonymous_0)
FNDA:0,(anonymous_1)
FNDA:0,loadStoragedData
FNDA:0,(anonymous_3)
FNDA:0,(anonymous_4)
FNDA:0,(anonymous_5)
FNDA:1,useAuth
DA:36,1
DA:38,1
DA:39,0
DA:40,0
DA:42,0
DA:44,0
DA:49,0
DA:50,0
DA:52,0
DA:55,0
DA:58,0
DA:61,0
DA:62,0
DA:67,0
DA:69,0
DA:74,0
DA:76,0
DA:79,0
DA:80,0
DA:82,0
DA:85,0
DA:87,0
DA:89,0
DA:97,0
DA:107,1
DA:109,1
DA:110,0
DA:113,1
LF:28
LH:5
BRDA:49,0,0,0
BRDA:49,0,1,0
BRDA:49,1,0,0
BRDA:49,1,1,0
BRDA:109,2,0,0
BRDA:109,2,1,1
BRF:6
BRH:1
end_of_record
TN:
SF:/Volumes/Dev2/Estudo/Bootcamp/Nivel 3/appgobarber/src/pages/AppointmentCreated/index.tsx
FN:22,(anonymous_0)
FN:28,(anonymous_1)
FN:35,(anonymous_2)
FN:43,(anonymous_3)
FNF:4
FNH:0
FNDA:0,(anonymous_0)
FNDA:0,(anonymous_1)
FNDA:0,(anonymous_2)
FNDA:0,(anonymous_3)
DA:22,0
DA:23,0
DA:24,0
DA:26,0
DA:28,0
DA:29,0
DA:35,0
DA:36,0
DA:43,0
DA:44,0
DA:47,0
LF:11
LH:0
BRF:0
BRH:0
end_of_record
TN:
SF:/Volumes/Dev2/Estudo/Bootcamp/Nivel 3/appgobarber/src/pages/CreateAppointment/index.tsx
FN:53,(anonymous_0)
FN:69,(anonymous_1)
FN:70,(anonymous_2)
FN:75,(anonymous_3)
FN:82,(anonymous_4)
FN:87,(anonymous_5)
FN:91,(anonymous_6)
FN:95,(anonymous_7)
FN:96,(anonymous_8)
FN:100,(anonymous_9)
FN:112,(anonymous_10)
FN:134,(anonymous_11)
FN:136,(anonymous_12)
FN:137,(anonymous_13)
FN:146,(anonymous_14)
FN:148,(anonymous_15)
FN:149,(anonymous_16)
FN:158,(anonymous_17)
FN:180,(anonymous_18)
FN:181,(anonymous_19)
FN:183,(anonymous_20)
FN:229,(anonymous_21)
FN:235,(anonymous_22)
FN:249,(anonymous_23)
FN:255,(anonymous_24)
FNF:25
FNH:0
FNDA:0,(anonymous_0)
FNDA:0,(anonymous_1)
FNDA:0,(anonymous_2)
FNDA:0,(anonymous_3)
FNDA:0,(anonymous_4)
FNDA:0,(anonymous_5)
FNDA:0,(anonymous_6)
FNDA:0,(anonymous_7)
FNDA:0,(anonymous_8)
FNDA:0,(anonymous_9)
FNDA:0,(anonymous_10)
FNDA:0,(anonymous_11)
FNDA:0,(anonymous_12)
FNDA:0,(anonymous_13)
FNDA:0,(anonymous_14)
FNDA:0,(anonymous_15)
FNDA:0,(anonymous_16)
FNDA:0,(anonymous_17)
FNDA:0,(anonymous_18)
FNDA:0,(anonymous_19)
FNDA:0,(anonymous_20)
FNDA:0,(anonymous_21)
FNDA:0,(anonymous_22)
FNDA:0,(anonymous_23)
FNDA:0,(anonymous_24)
DA:53,0
DA:54,0
DA:55,0
DA:56,0
DA:58,0
DA:60,0
DA:61,0
DA:62,0
DA:63,0
DA:64,0
DA:65,0
DA:69,0
DA:70,0
DA:71,0
DA:75,0
DA:76,0
DA:83,0
DA:87,0
DA:88,0
DA:91,0
DA:92,0
DA:95,0
DA:96,0
DA:99,0
DA:101,0
DA:102,0
DA:105,0
DA:106,0
DA:112,0
DA:113,0
DA:114,0
DA:115,0
DA:116,0
DA:117,0
DA:122,0
DA:127,0
DA:134,0
DA:135,0
DA:136,0
DA:138,0
DA:146,0
DA:147,0
DA:148,0
DA:150,0
DA:158,0
DA:159,0
DA:162,0
DA:180,0
DA:182,0
DA:184,0
DA:230,0
DA:235,0
DA:250,0
DA:255,0
LF:54
LH:0
BRDA:101,0,0,0
BRDA:101,0,1,0
BRDA:105,1,0,0
BRDA:105,1,1,0
BRDA:210,2,0,0
BRDA:210,2,1,0
BRF:6
BRH:0
end_of_record
TN:
SF:/Volumes/Dev2/Estudo/Bootcamp/Nivel 3/appgobarber/src/pages/Dashboard/index.tsx
FN:32,(anonymous_0)
FN:38,(anonymous_1)
FN:39,(anonymous_2)
FN:44,(anonymous_3)
FN:50,(anonymous_4)
FN:71,(anonymous_5)
FN:75,(anonymous_6)
FN:77,(anonymous_7)
FNF:8
FNH:0
FNDA:0,(anonymous_0)
FNDA:0,(anonymous_1)
FNDA:0,(anonymous_2)
FNDA:0,(anonymous_3)
FNDA:0,(anonymous_4)
FNDA:0,(anonymous_5)
FNDA:0,(anonymous_6)
FNDA:0,(anonymous_7)
DA:32,0
DA:33,0
DA:35,0
DA:36,0
DA:38,0
DA:39,0
DA:40,0
DA:44,0
DA:45,0
DA:49,0
DA:51,0
DA:56,0
DA:71,0
DA:76,0
DA:77,0
LF:15
LH:0
BRF:0
BRH:0
end_of_record
TN:
SF:/Volumes/Dev2/Estudo/Bootcamp/Nivel 3/appgobarber/src/pages/Profile/index.tsx
FN:41,(anonymous_0)
FN:52,(anonymous_1)
FN:62,(anonymous_2)
FN:68,(anonymous_3)
FN:127,(anonymous_4)
FN:135,(anonymous_5)
FN:153,(anonymous_6)
FN:160,(anonymous_7)
FN:200,(anonymous_8)
FN:213,(anonymous_9)
FN:226,(anonymous_10)
FN:239,(anonymous_11)
FN:252,(anonymous_12)
FN:258,(anonymous_13)
FNF:14
FNH:0
FNDA:0,(anonymous_0)
FNDA:0,(anonymous_1)
FNDA:0,(anonymous_2)
FNDA:0,(anonymous_3)
FNDA:0,(anonymous_4)
FNDA:0,(anonymous_5)
FNDA:0,(anonymous_6)
FNDA:0,(anonymous_7)
FNDA:0,(anonymous_8)
FNDA:0,(anonymous_9)
FNDA:0,(anonymous_10)
FNDA:0,(anonymous_11)
FNDA:0,(anonymous_12)
FNDA:0,(anonymous_13)
DA:41,0
DA:42,0
DA:43,0
DA:45,0
DA:46,0
DA:47,0
DA:48,0
DA:49,0
DA:51,0
DA:53,0
DA:54,0
DA:55,0
DA:62,0
DA:68,0
DA:78,0
DA:88,0
DA:90,0
DA:102,0
DA:104,0
DA:106,0
DA:108,0
DA:110,0
DA:111,0
DA:113,0
DA:115,0
DA:118,0
DA:127,0
DA:128,0
DA:136,0
DA:137,0
DA:140,0
DA:141,0
DA:142,0
DA:145,0
DA:147,0
DA:153,0
DA:154,0
DA:160,0
DA:161,0
DA:164,0
DA:201,0
DA:214,0
DA:227,0
DA:240,0
DA:253,0
DA:259,0
LF:46
LH:0
BRDA:93,0,0,0
BRDA:93,0,1,0
BRDA:110,1,0,0
BRDA:110,1,1,0
BRDA:136,2,0,0
BRDA:136,2,1,0
BRDA:140,3,0,0
BRDA:140,3,1,0
BRDA:168,4,0,0
BRDA:168,4,1,0
BRF:10
BRH:0
end_of_record
TN:
SF:/Volumes/Dev2/Estudo/Bootcamp/Nivel 3/appgobarber/src/pages/SignIn/index.tsx
FN:41,(anonymous_0)
FN:49,(anonymous_1)
FN:111,(anonymous_2)
FN:122,(anonymous_3)
FN:128,(anonymous_4)
FN:136,(anonymous_5)
FN:147,(anonymous_6)
FNF:7
FNH:1
FNDA:1,(anonymous_0)
FNDA:0,(anonymous_1)
FNDA:0,(anonymous_2)
FNDA:0,(anonymous_3)
FNDA:0,(anonymous_4)
FNDA:0,(anonymous_5)
FNDA:0,(anonymous_6)
DA:41,1
DA:42,1
DA:43,1
DA:44,1
DA:46,1
DA:48,1
DA:50,0
DA:51,0
DA:52,0
DA:59,0
DA:63,0
DA:68,0
DA:69,0
DA:71,0
DA:73,0
DA:76,0
DA:85,1
DA:112,0
DA:123,0
DA:129,0
DA:137,0
DA:147,0
LF:22
LH:7
BRDA:68,0,0,0
BRDA:68,0,1,0
BRDA:89,1,0,1
BRDA:89,1,1,0
BRF:4
BRH:1
end_of_record
TN:
SF:/Volumes/Dev2/Estudo/Bootcamp/Nivel 3/appgobarber/src/pages/SignUp/index.tsx
FN:33,(anonymous_0)
FN:40,(anonymous_1)
FN:102,(anonymous_2)
FN:115,(anonymous_3)
FN:127,(anonymous_4)
FN:133,(anonymous_5)
FN:143,(anonymous_6)
FNF:7
FNH:0
FNDA:0,(anonymous_0)
FNDA:0,(anonymous_1)
FNDA:0,(anonymous_2)
FNDA:0,(anonymous_3)
FNDA:0,(anonymous_4)
FNDA:0,(anonymous_5)
FNDA:0,(anonymous_6)
DA:33,0
DA:34,0
DA:35,0
DA:36,0
DA:37,0
DA:39,0
DA:41,0
DA:42,0
DA:43,0
DA:51,0
DA:55,0
DA:56,0
DA:60,0
DA:62,0
DA:63,0
DA:65,0
DA:67,0
DA:70,0
DA:79,0
DA:103,0
DA:116,0
DA:128,0
DA:134,0
DA:143,0
LF:24
LH:0
BRDA:62,0,0,0
BRDA:62,0,1,0
BRDA:83,1,0,0
BRDA:83,1,1,0
BRF:4
BRH:0
end_of_record
